  Floor.cpp
C:\Users\zmobc\OneDrive\Documents\AAASchool\4th Year\Term 2\GDADPRG\MP\DonkeyKong\Floor.cpp(19,53): warning C4244: 'argument': conversion from 'T' to 'float', possible loss of data
C:\Users\zmobc\OneDrive\Documents\AAASchool\4th Year\Term 2\GDADPRG\MP\DonkeyKong\Floor.cpp(19,53): warning C4244:         with
C:\Users\zmobc\OneDrive\Documents\AAASchool\4th Year\Term 2\GDADPRG\MP\DonkeyKong\Floor.cpp(19,53): warning C4244:         [
C:\Users\zmobc\OneDrive\Documents\AAASchool\4th Year\Term 2\GDADPRG\MP\DonkeyKong\Floor.cpp(19,53): warning C4244:             T=unsigned int
C:\Users\zmobc\OneDrive\Documents\AAASchool\4th Year\Term 2\GDADPRG\MP\DonkeyKong\Floor.cpp(19,53): warning C4244:         ]
C:\Users\zmobc\OneDrive\Documents\AAASchool\4th Year\Term 2\GDADPRG\MP\DonkeyKong\Floor.cpp(19,34): warning C4244: 'argument': conversion from 'T' to 'float', possible loss of data
C:\Users\zmobc\OneDrive\Documents\AAASchool\4th Year\Term 2\GDADPRG\MP\DonkeyKong\Floor.cpp(19,34): warning C4244:         with
C:\Users\zmobc\OneDrive\Documents\AAASchool\4th Year\Term 2\GDADPRG\MP\DonkeyKong\Floor.cpp(19,34): warning C4244:         [
C:\Users\zmobc\OneDrive\Documents\AAASchool\4th Year\Term 2\GDADPRG\MP\DonkeyKong\Floor.cpp(19,34): warning C4244:             T=unsigned int
C:\Users\zmobc\OneDrive\Documents\AAASchool\4th Year\Term 2\GDADPRG\MP\DonkeyKong\Floor.cpp(19,34): warning C4244:         ]
  Player.cpp
C:\Users\zmobc\OneDrive\Documents\AAASchool\4th Year\Term 2\GDADPRG\MP\DonkeyKong\Player.cpp(19,53): warning C4244: 'argument': conversion from 'T' to 'float', possible loss of data
C:\Users\zmobc\OneDrive\Documents\AAASchool\4th Year\Term 2\GDADPRG\MP\DonkeyKong\Player.cpp(19,53): warning C4244:         with
C:\Users\zmobc\OneDrive\Documents\AAASchool\4th Year\Term 2\GDADPRG\MP\DonkeyKong\Player.cpp(19,53): warning C4244:         [
C:\Users\zmobc\OneDrive\Documents\AAASchool\4th Year\Term 2\GDADPRG\MP\DonkeyKong\Player.cpp(19,53): warning C4244:             T=unsigned int
C:\Users\zmobc\OneDrive\Documents\AAASchool\4th Year\Term 2\GDADPRG\MP\DonkeyKong\Player.cpp(19,53): warning C4244:         ]
C:\Users\zmobc\OneDrive\Documents\AAASchool\4th Year\Term 2\GDADPRG\MP\DonkeyKong\Player.cpp(19,34): warning C4244: 'argument': conversion from 'T' to 'float', possible loss of data
C:\Users\zmobc\OneDrive\Documents\AAASchool\4th Year\Term 2\GDADPRG\MP\DonkeyKong\Player.cpp(19,34): warning C4244:         with
C:\Users\zmobc\OneDrive\Documents\AAASchool\4th Year\Term 2\GDADPRG\MP\DonkeyKong\Player.cpp(19,34): warning C4244:         [
C:\Users\zmobc\OneDrive\Documents\AAASchool\4th Year\Term 2\GDADPRG\MP\DonkeyKong\Player.cpp(19,34): warning C4244:             T=unsigned int
C:\Users\zmobc\OneDrive\Documents\AAASchool\4th Year\Term 2\GDADPRG\MP\DonkeyKong\Player.cpp(19,34): warning C4244:         ]
  Generating Code...
  DonkeyKong.vcxproj -> C:\Users\zmobc\OneDrive\Documents\AAASchool\4th Year\Term 2\GDADPRG\MP\DonkeyKong\x64\Debug\DonkeyKong.exe
